<?xml version="1.0" encoding="UTF-8"?>
<testng-results skipped="0" failed="0" ignored="0" total="1" passed="1">
  <reporter-output>
  </reporter-output>
  <suite name="Default suite" duration-ms="3762" started-at="2018-11-03T10:16:50Z" finished-at="2018-11-03T10:16:54Z">
    <groups>
    </groups>
    <test name="Default test" duration-ms="3762" started-at="2018-11-03T10:16:50Z" finished-at="2018-11-03T10:16:54Z">
      <class name="api.GoogleTest.RestConfiguration">
        <test-method status="PASS" signature="configure()[pri:0, instance:api.GoogleTest.RestConfiguration@343f4d3d]" name="configure" duration-ms="3692" started-at="2018-11-03T10:16:50Z" finished-at="2018-11-03T10:16:54Z">
          <reporter-output>
          </reporter-output>
        </test-method> <!-- configure -->
      </class> <!-- api.GoogleTest.RestConfiguration -->
    </test> <!-- Default test -->
  </suite> <!-- Default suite -->
</testng-results>
